<?xml version="1.0" encoding="utf-8"?><testsuites name="pytest tests"><testsuite name="pytest" errors="0" failures="0" skipped="7" tests="10" time="6.588" timestamp="2026-09-23T22:27:36.100731+00:00" hostname="jupyter-shaddad"><testcase classname="packages.third_party.aws_site_archive.tests.test_moglobal" name="test_moglobal_invalid_var" time="1.032"><skipped type="pytest.xfail" message="" /></testcase><testcase classname="packages.third_party.aws_site_archive.tests.test_moglobal" name="test_moglobal_novar" time="0.006" /><testcase classname="packages.third_party.aws_site_archive.tests.test_ukv" name="test_ukv_load" time="0.002"><skipped type="pytest.skip" message="need --run-slow-tests option to run">/home/users/shaddad/prog/pet_fork/packages/third_party/aws_site_archive/tests/test_ukv.py:48: need --run-slow-tests option to run</skipped></testcase><testcase classname="packages.third_party.aws_site_archive.tests.test_moglobal" name="test_moglobal_filepaths" time="0.007" /><testcase classname="packages.third_party.aws_site_archive.tests.test_moglobal" name="test_moglobal_load" time="0.002"><skipped type="pytest.skip" message="need --run-slow-tests option to run">/home/users/shaddad/prog/pet_fork/packages/third_party/aws_site_archive/tests/test_moglobal.py:48: need --run-slow-tests option to run</skipped></testcase><testcase classname="packages.third_party.aws_site_archive.tests.test_ukv" name="test_ukv_novar" time="0.008"><skipped type="pytest.xfail" message="" /></testcase><testcase classname="packages.third_party.aws_site_archive.tests.test_moglobal" name="test_moglobal_invalid_time" time="1.031"><skipped type="pytest.xfail" message="" /></testcase><testcase classname="packages.third_party.aws_site_archive.tests.test_ukv" name="test_ukv_invalid_var" time="1.023"><skipped type="pytest.xfail" message="" /></testcase><testcase classname="packages.third_party.aws_site_archive.tests.test_ukv" name="test_ukv_invalid_time" time="0.742"><skipped type="pytest.xfail" message="" /></testcase><testcase classname="packages.third_party.aws_site_archive.tests.test_ukv" name="test_ukv_filepaths" time="0.006" /></testsuite></testsuites>